<?xml version="1.0" encoding="UTF-8"?>
<!-- Generated by org.testng.reporters.JUnitXMLReporter -->
<testsuite ignored="0" hostname="DESKTOP-SL72NKE" failures="0" tests="4" name="Default test" time="6.354" errors="0" timestamp="2023-10-05T15:21:07 CDT">
  <testcase classname="api_tests.CraterLogoutAPI" name="user_login_valid" time="4.932"/>
  <testcase classname="api_tests.CraterLogoutAPI" name="logout_invalid_auth" time="0.461"/>
  <testcase classname="api_tests.CraterLogoutAPI" name="logout_invalid_endpoint" time="0.423"/>
  <testcase classname="api_tests.CraterLogoutAPI" name="logout_valid" time="0.385"/>
</testsuite> <!-- Default test -->
